{"level":"info","time":"2024-12-13 03:53:22","caller":"main.go:13","message":"Starting Auth Service","some":"data"}
{"level":"error","time":"2024-12-14 01:47:25","caller":"wrapper.go:94","message":"❌ [E_UNAUTHORIZED] session not found","error":"session not found","stacktrace":"github.com/Xurliman/auth-service/pkg/json.ErrorUnauthorized\n\t/Users/jumamuratovahurliman8/Projects/auth-service/pkg/json/wrapper.go:94\ngithub.com/Xurliman/auth-service/internal/server/routes.Setup.JwtMiddleware.func1\n\t/Users/jumamuratovahurliman8/Projects/auth-service/internal/server/app/middlewares/jwtware.go:39\ngithub.com/gofiber/fiber/v2.(*App).next\n\t/Users/jumamuratovahurliman8/go/pkg/mod/github.com/gofiber/fiber/v2@v2.52.5/router.go:145\ngithub.com/gofiber/fiber/v2.(*App).handler\n\t/Users/jumamuratovahurliman8/go/pkg/mod/github.com/gofiber/fiber/v2@v2.52.5/router.go:172\ngithub.com/valyala/fasthttp.(*Server).serveConn\n\t/Users/jumamuratovahurliman8/go/pkg/mod/github.com/valyala/fasthttp@v1.51.0/server.go:2359\ngithub.com/valyala/fasthttp.(*workerPool).workerFunc\n\t/Users/jumamuratovahurliman8/go/pkg/mod/github.com/valyala/fasthttp@v1.51.0/workerpool.go:224\ngithub.com/valyala/fasthttp.(*workerPool).getCh.func1\n\t/Users/jumamuratovahurliman8/go/pkg/mod/github.com/valyala/fasthttp@v1.51.0/workerpool.go:196"}
{"level":"info","time":"2024-12-14 01:54:05","caller":"main.go:21","message":"Starting server on port 5432"}
{"level":"info","time":"2024-12-14 02:02:07","caller":"database.go:61","message":"Successfully connected to the database"}
{"level":"error","time":"2024-12-14 02:02:12","caller":"wrapper.go:94","message":"❌ [E_UNAUTHORIZED] session not found","error":"session not found","stacktrace":"github.com/Xurliman/auth-service/pkg/json.ErrorUnauthorized\n\t/Users/jumamuratovahurliman8/Projects/auth-service/pkg/json/wrapper.go:94\ngithub.com/Xurliman/auth-service/internal/server/routes.Setup.JwtMiddleware.func1\n\t/Users/jumamuratovahurliman8/Projects/auth-service/internal/server/app/middlewares/jwtware.go:39\ngithub.com/gofiber/fiber/v2.(*App).next\n\t/Users/jumamuratovahurliman8/go/pkg/mod/github.com/gofiber/fiber/v2@v2.52.5/router.go:145\ngithub.com/gofiber/fiber/v2.(*App).handler\n\t/Users/jumamuratovahurliman8/go/pkg/mod/github.com/gofiber/fiber/v2@v2.52.5/router.go:172\ngithub.com/valyala/fasthttp.(*Server).serveConn\n\t/Users/jumamuratovahurliman8/go/pkg/mod/github.com/valyala/fasthttp@v1.51.0/server.go:2359\ngithub.com/valyala/fasthttp.(*workerPool).workerFunc\n\t/Users/jumamuratovahurliman8/go/pkg/mod/github.com/valyala/fasthttp@v1.51.0/workerpool.go:224\ngithub.com/valyala/fasthttp.(*workerPool).getCh.func1\n\t/Users/jumamuratovahurliman8/go/pkg/mod/github.com/valyala/fasthttp@v1.51.0/workerpool.go:196"}
{"level":"info","time":"2024-12-14 02:03:16","caller":"database.go:61","message":"Successfully connected to the database"}
{"level":"error","time":"2024-12-14 02:03:19","caller":"wrapper.go:94","message":"❌ [E_UNAUTHORIZED] session not found","error":"session not found","stacktrace":"github.com/Xurliman/auth-service/pkg/json.ErrorUnauthorized\n\t/Users/jumamuratovahurliman8/Projects/auth-service/pkg/json/wrapper.go:94\ngithub.com/Xurliman/auth-service/internal/server/routes.Setup.JwtMiddleware.func1\n\t/Users/jumamuratovahurliman8/Projects/auth-service/internal/server/app/middlewares/jwtware.go:39\ngithub.com/gofiber/fiber/v2.(*App).next\n\t/Users/jumamuratovahurliman8/go/pkg/mod/github.com/gofiber/fiber/v2@v2.52.5/router.go:145\ngithub.com/gofiber/fiber/v2.(*App).handler\n\t/Users/jumamuratovahurliman8/go/pkg/mod/github.com/gofiber/fiber/v2@v2.52.5/router.go:172\ngithub.com/valyala/fasthttp.(*Server).serveConn\n\t/Users/jumamuratovahurliman8/go/pkg/mod/github.com/valyala/fasthttp@v1.51.0/server.go:2359\ngithub.com/valyala/fasthttp.(*workerPool).workerFunc\n\t/Users/jumamuratovahurliman8/go/pkg/mod/github.com/valyala/fasthttp@v1.51.0/workerpool.go:224\ngithub.com/valyala/fasthttp.(*workerPool).getCh.func1\n\t/Users/jumamuratovahurliman8/go/pkg/mod/github.com/valyala/fasthttp@v1.51.0/workerpool.go:196"}
{"level":"info","time":"2024-12-14 02:04:07","caller":"database.go:61","message":"Successfully connected to the database"}
{"level":"error","time":"2024-12-14 02:04:09","caller":"wrapper.go:94","message":"❌ [E_UNAUTHORIZED] session not found","error":"session not found","stacktrace":"github.com/Xurliman/auth-service/pkg/json.ErrorUnauthorized\n\t/Users/jumamuratovahurliman8/Projects/auth-service/pkg/json/wrapper.go:94\ngithub.com/Xurliman/auth-service/internal/server/routes.Setup.JwtMiddleware.func1\n\t/Users/jumamuratovahurliman8/Projects/auth-service/internal/server/app/middlewares/jwtware.go:39\ngithub.com/gofiber/fiber/v2.(*App).next\n\t/Users/jumamuratovahurliman8/go/pkg/mod/github.com/gofiber/fiber/v2@v2.52.5/router.go:145\ngithub.com/gofiber/fiber/v2.(*App).handler\n\t/Users/jumamuratovahurliman8/go/pkg/mod/github.com/gofiber/fiber/v2@v2.52.5/router.go:172\ngithub.com/valyala/fasthttp.(*Server).serveConn\n\t/Users/jumamuratovahurliman8/go/pkg/mod/github.com/valyala/fasthttp@v1.51.0/server.go:2359\ngithub.com/valyala/fasthttp.(*workerPool).workerFunc\n\t/Users/jumamuratovahurliman8/go/pkg/mod/github.com/valyala/fasthttp@v1.51.0/workerpool.go:224\ngithub.com/valyala/fasthttp.(*workerPool).getCh.func1\n\t/Users/jumamuratovahurliman8/go/pkg/mod/github.com/valyala/fasthttp@v1.51.0/workerpool.go:196"}
{"level":"info","time":"2024-12-14 02:05:36","caller":"database.go:61","message":"Successfully connected to the database"}
{"level":"info","time":"2024-12-14 02:05:42","caller":"jwtware.go:32","message":"current","route":"/api/users","method":"POST"}
{"level":"error","time":"2024-12-14 02:05:42","caller":"wrapper.go:94","message":"❌ [E_UNAUTHORIZED] session not found","error":"session not found","stacktrace":"github.com/Xurliman/auth-service/pkg/json.ErrorUnauthorized\n\t/Users/jumamuratovahurliman8/Projects/auth-service/pkg/json/wrapper.go:94\ngithub.com/Xurliman/auth-service/internal/server/routes.Setup.JwtMiddleware.func1\n\t/Users/jumamuratovahurliman8/Projects/auth-service/internal/server/app/middlewares/jwtware.go:41\ngithub.com/gofiber/fiber/v2.(*App).next\n\t/Users/jumamuratovahurliman8/go/pkg/mod/github.com/gofiber/fiber/v2@v2.52.5/router.go:145\ngithub.com/gofiber/fiber/v2.(*App).handler\n\t/Users/jumamuratovahurliman8/go/pkg/mod/github.com/gofiber/fiber/v2@v2.52.5/router.go:172\ngithub.com/valyala/fasthttp.(*Server).serveConn\n\t/Users/jumamuratovahurliman8/go/pkg/mod/github.com/valyala/fasthttp@v1.51.0/server.go:2359\ngithub.com/valyala/fasthttp.(*workerPool).workerFunc\n\t/Users/jumamuratovahurliman8/go/pkg/mod/github.com/valyala/fasthttp@v1.51.0/workerpool.go:224\ngithub.com/valyala/fasthttp.(*workerPool).getCh.func1\n\t/Users/jumamuratovahurliman8/go/pkg/mod/github.com/valyala/fasthttp@v1.51.0/workerpool.go:196"}
{"level":"info","time":"2024-12-14 02:05:55","caller":"jwtware.go:32","message":"current","route":"/api/register","method":"POST"}
{"level":"error","time":"2024-12-14 02:05:55","caller":"wrapper.go:94","message":"❌ [E_UNAUTHORIZED] session not found","error":"session not found","stacktrace":"github.com/Xurliman/auth-service/pkg/json.ErrorUnauthorized\n\t/Users/jumamuratovahurliman8/Projects/auth-service/pkg/json/wrapper.go:94\ngithub.com/Xurliman/auth-service/internal/server/routes.Setup.JwtMiddleware.func1\n\t/Users/jumamuratovahurliman8/Projects/auth-service/internal/server/app/middlewares/jwtware.go:41\ngithub.com/gofiber/fiber/v2.(*App).next\n\t/Users/jumamuratovahurliman8/go/pkg/mod/github.com/gofiber/fiber/v2@v2.52.5/router.go:145\ngithub.com/gofiber/fiber/v2.(*App).handler\n\t/Users/jumamuratovahurliman8/go/pkg/mod/github.com/gofiber/fiber/v2@v2.52.5/router.go:172\ngithub.com/valyala/fasthttp.(*Server).serveConn\n\t/Users/jumamuratovahurliman8/go/pkg/mod/github.com/valyala/fasthttp@v1.51.0/server.go:2359\ngithub.com/valyala/fasthttp.(*workerPool).workerFunc\n\t/Users/jumamuratovahurliman8/go/pkg/mod/github.com/valyala/fasthttp@v1.51.0/workerpool.go:224\ngithub.com/valyala/fasthttp.(*workerPool).getCh.func1\n\t/Users/jumamuratovahurliman8/go/pkg/mod/github.com/valyala/fasthttp@v1.51.0/workerpool.go:196"}
{"level":"info","time":"2024-12-14 02:06:08","caller":"jwtware.go:32","message":"current","route":"/api/auth/register","method":"POST"}
{"level":"info","time":"2024-12-14 02:06:08","caller":"user_handler.go:24","message":"✅ USER CREATE"}
{"level":"info","time":"2024-12-14 02:06:22","caller":"database.go:61","message":"Successfully connected to the database"}
{"level":"info","time":"2024-12-14 02:06:23","caller":"jwtware.go:32","message":"current","route":"/api/auth/register","method":"POST"}
{"level":"info","time":"2024-12-14 02:06:23","caller":"user_handler.go:24","message":"✅ USER CREATE"}
{"level":"info","time":"2024-12-14 02:09:20","caller":"database.go:61","message":"Successfully connected to the database"}
{"level":"info","time":"2024-12-14 02:09:23","caller":"jwtware.go:32","message":"current","route":"/api/auth/register","method":"POST"}
{"level":"info","time":"2024-12-14 02:09:23","caller":"user_handler.go:24","message":"✅ USER CREATE"}
{"level":"warn","time":"2024-12-14 02:11:15","caller":"user_repository.go:19","message":"db is nil"}
{"level":"info","time":"2024-12-14 02:11:15","caller":"database.go:61","message":"Successfully connected to the database"}
{"level":"info","time":"2024-12-14 02:12:02","caller":"database.go:61","message":"Successfully connected to the database"}
{"level":"info","time":"2024-12-14 02:12:04","caller":"jwtware.go:32","message":"current","route":"/api/auth/register","method":"POST"}
{"level":"info","time":"2024-12-14 02:12:04","caller":"user_handler.go:24","message":"✅ USER CREATE"}
{"level":"info","time":"2024-12-14 02:13:53","caller":"jwtware.go:32","message":"current","route":"/api/auth/sign-in","method":"POST"}
{"level":"error","time":"2024-12-14 02:13:53","caller":"wrapper.go:94","message":"❌ [E_UNAUTHORIZED] session not found","error":"session not found","stacktrace":"github.com/Xurliman/auth-service/pkg/json.ErrorUnauthorized\n\t/Users/jumamuratovahurliman8/Projects/auth-service/pkg/json/wrapper.go:94\ngithub.com/Xurliman/auth-service/internal/server/routes.Setup.JwtMiddleware.func1\n\t/Users/jumamuratovahurliman8/Projects/auth-service/internal/server/app/middlewares/jwtware.go:41\ngithub.com/gofiber/fiber/v2.(*App).next\n\t/Users/jumamuratovahurliman8/go/pkg/mod/github.com/gofiber/fiber/v2@v2.52.5/router.go:145\ngithub.com/gofiber/fiber/v2.(*App).handler\n\t/Users/jumamuratovahurliman8/go/pkg/mod/github.com/gofiber/fiber/v2@v2.52.5/router.go:172\ngithub.com/valyala/fasthttp.(*Server).serveConn\n\t/Users/jumamuratovahurliman8/go/pkg/mod/github.com/valyala/fasthttp@v1.51.0/server.go:2359\ngithub.com/valyala/fasthttp.(*workerPool).workerFunc\n\t/Users/jumamuratovahurliman8/go/pkg/mod/github.com/valyala/fasthttp@v1.51.0/workerpool.go:224\ngithub.com/valyala/fasthttp.(*workerPool).getCh.func1\n\t/Users/jumamuratovahurliman8/go/pkg/mod/github.com/valyala/fasthttp@v1.51.0/workerpool.go:196"}
{"level":"info","time":"2024-12-14 02:14:17","caller":"jwtware.go:32","message":"current","route":"/api/auth/login","method":"POST"}
{"level":"error","time":"2024-12-14 02:14:18","caller":"wrapper.go:94","message":"❌ [E_UNAUTHORIZED] username or password is wrong","error":"username or password is wrong","stacktrace":"github.com/Xurliman/auth-service/pkg/json.ErrorUnauthorized\n\t/Users/jumamuratovahurliman8/Projects/auth-service/pkg/json/wrapper.go:94\ngithub.com/Xurliman/auth-service/internal/server/app/services.(*AuthService).Login\n\t/Users/jumamuratovahurliman8/Projects/auth-service/internal/server/app/services/auth_service.go:41\ngithub.com/Xurliman/auth-service/internal/server/app/handlers.(*AuthHandler).Login\n\t/Users/jumamuratovahurliman8/Projects/auth-service/internal/server/app/handlers/auth_handler.go:28\ngithub.com/gofiber/fiber/v2.(*App).next\n\t/Users/jumamuratovahurliman8/go/pkg/mod/github.com/gofiber/fiber/v2@v2.52.5/router.go:145\ngithub.com/gofiber/fiber/v2.(*Ctx).Next\n\t/Users/jumamuratovahurliman8/go/pkg/mod/github.com/gofiber/fiber/v2@v2.52.5/ctx.go:1034\ngithub.com/Xurliman/auth-service/internal/server/routes.Setup.JwtMiddleware.func1\n\t/Users/jumamuratovahurliman8/Projects/auth-service/internal/server/app/middlewares/jwtware.go:35\ngithub.com/gofiber/fiber/v2.(*App).next\n\t/Users/jumamuratovahurliman8/go/pkg/mod/github.com/gofiber/fiber/v2@v2.52.5/router.go:145\ngithub.com/gofiber/fiber/v2.(*App).handler\n\t/Users/jumamuratovahurliman8/go/pkg/mod/github.com/gofiber/fiber/v2@v2.52.5/router.go:172\ngithub.com/valyala/fasthttp.(*Server).serveConn\n\t/Users/jumamuratovahurliman8/go/pkg/mod/github.com/valyala/fasthttp@v1.51.0/server.go:2359\ngithub.com/valyala/fasthttp.(*workerPool).workerFunc\n\t/Users/jumamuratovahurliman8/go/pkg/mod/github.com/valyala/fasthttp@v1.51.0/workerpool.go:224\ngithub.com/valyala/fasthttp.(*workerPool).getCh.func1\n\t/Users/jumamuratovahurliman8/go/pkg/mod/github.com/valyala/fasthttp@v1.51.0/workerpool.go:196"}
{"level":"info","time":"2024-12-14 02:14:50","caller":"jwtware.go:32","message":"current","route":"/api/users/getme","method":"GET"}
{"level":"error","time":"2024-12-14 02:14:50","caller":"wrapper.go:94","message":"❌ [E_UNAUTHORIZED] session not found","error":"session not found","stacktrace":"github.com/Xurliman/auth-service/pkg/json.ErrorUnauthorized\n\t/Users/jumamuratovahurliman8/Projects/auth-service/pkg/json/wrapper.go:94\ngithub.com/Xurliman/auth-service/internal/server/routes.Setup.JwtMiddleware.func1\n\t/Users/jumamuratovahurliman8/Projects/auth-service/internal/server/app/middlewares/jwtware.go:41\ngithub.com/gofiber/fiber/v2.(*App).next\n\t/Users/jumamuratovahurliman8/go/pkg/mod/github.com/gofiber/fiber/v2@v2.52.5/router.go:145\ngithub.com/gofiber/fiber/v2.(*App).handler\n\t/Users/jumamuratovahurliman8/go/pkg/mod/github.com/gofiber/fiber/v2@v2.52.5/router.go:172\ngithub.com/valyala/fasthttp.(*Server).serveConn\n\t/Users/jumamuratovahurliman8/go/pkg/mod/github.com/valyala/fasthttp@v1.51.0/server.go:2359\ngithub.com/valyala/fasthttp.(*workerPool).workerFunc\n\t/Users/jumamuratovahurliman8/go/pkg/mod/github.com/valyala/fasthttp@v1.51.0/workerpool.go:224\ngithub.com/valyala/fasthttp.(*workerPool).getCh.func1\n\t/Users/jumamuratovahurliman8/go/pkg/mod/github.com/valyala/fasthttp@v1.51.0/workerpool.go:196"}
{"level":"info","time":"2024-12-14 02:15:56","caller":"database.go:61","message":"Successfully connected to the database"}
{"level":"info","time":"2024-12-14 02:15:59","caller":"jwtware.go:32","message":"current","route":"/api/users/getme","method":"GET"}
{"level":"error","time":"2024-12-14 02:15:59","caller":"wrapper.go:94","message":"❌ [E_UNAUTHORIZED] session not found","error":"session not found","stacktrace":"github.com/Xurliman/auth-service/pkg/json.ErrorUnauthorized\n\t/Users/jumamuratovahurliman8/Projects/auth-service/pkg/json/wrapper.go:94\ngithub.com/Xurliman/auth-service/internal/server/routes.Setup.JwtMiddleware.func1\n\t/Users/jumamuratovahurliman8/Projects/auth-service/internal/server/app/middlewares/jwtware.go:41\ngithub.com/gofiber/fiber/v2.(*App).next\n\t/Users/jumamuratovahurliman8/go/pkg/mod/github.com/gofiber/fiber/v2@v2.52.5/router.go:145\ngithub.com/gofiber/fiber/v2.(*App).handler\n\t/Users/jumamuratovahurliman8/go/pkg/mod/github.com/gofiber/fiber/v2@v2.52.5/router.go:172\ngithub.com/valyala/fasthttp.(*Server).serveConn\n\t/Users/jumamuratovahurliman8/go/pkg/mod/github.com/valyala/fasthttp@v1.51.0/server.go:2359\ngithub.com/valyala/fasthttp.(*workerPool).workerFunc\n\t/Users/jumamuratovahurliman8/go/pkg/mod/github.com/valyala/fasthttp@v1.51.0/workerpool.go:224\ngithub.com/valyala/fasthttp.(*workerPool).getCh.func1\n\t/Users/jumamuratovahurliman8/go/pkg/mod/github.com/valyala/fasthttp@v1.51.0/workerpool.go:196"}
{"level":"info","time":"2024-12-14 02:16:02","caller":"jwtware.go:32","message":"current","route":"/api/auth/login","method":"POST"}
{"level":"info","time":"2024-12-14 02:16:35","caller":"jwtware.go:32","message":"current","route":"/api/users/getme","method":"GET"}
{"level":"info","time":"2024-12-14 02:16:35","caller":"jwtware.go:70","message":"✅ SET USER AUTH"}
{"level":"info","time":"2024-12-14 02:16:35","caller":"user_handler.go:42","message":"✅ USER SHOW"}
{"level":"error","time":"2024-12-14 02:16:35","caller":"wrapper.go:46","message":"❌ [ERR_SHOW_USER] ERROR: invalid input syntax for type uuid: \"getme\" (SQLSTATE 22P02)","error":"ERROR: invalid input syntax for type uuid: \"getme\" (SQLSTATE 22P02)","stacktrace":"github.com/Xurliman/auth-service/pkg/json.Error\n\t/Users/jumamuratovahurliman8/Projects/auth-service/pkg/json/wrapper.go:46\ngithub.com/Xurliman/auth-service/internal/server/app/services.(*UserService).Show\n\t/Users/jumamuratovahurliman8/Projects/auth-service/internal/server/app/services/user_service.go:66\ngithub.com/Xurliman/auth-service/internal/server/app/handlers.(*UserHandler).Show\n\t/Users/jumamuratovahurliman8/Projects/auth-service/internal/server/app/handlers/user_handler.go:49\ngithub.com/gofiber/fiber/v2.(*App).next\n\t/Users/jumamuratovahurliman8/go/pkg/mod/github.com/gofiber/fiber/v2@v2.52.5/router.go:145\ngithub.com/gofiber/fiber/v2.(*Ctx).Next\n\t/Users/jumamuratovahurliman8/go/pkg/mod/github.com/gofiber/fiber/v2@v2.52.5/ctx.go:1034\ngithub.com/Xurliman/auth-service/internal/server/routes.Setup.JwtMiddleware.func1\n\t/Users/jumamuratovahurliman8/Projects/auth-service/internal/server/app/middlewares/jwtware.go:74\ngithub.com/gofiber/fiber/v2.(*App).next\n\t/Users/jumamuratovahurliman8/go/pkg/mod/github.com/gofiber/fiber/v2@v2.52.5/router.go:145\ngithub.com/gofiber/fiber/v2.(*App).handler\n\t/Users/jumamuratovahurliman8/go/pkg/mod/github.com/gofiber/fiber/v2@v2.52.5/router.go:172\ngithub.com/valyala/fasthttp.(*Server).serveConn\n\t/Users/jumamuratovahurliman8/go/pkg/mod/github.com/valyala/fasthttp@v1.51.0/server.go:2359\ngithub.com/valyala/fasthttp.(*workerPool).workerFunc\n\t/Users/jumamuratovahurliman8/go/pkg/mod/github.com/valyala/fasthttp@v1.51.0/workerpool.go:224\ngithub.com/valyala/fasthttp.(*workerPool).getCh.func1\n\t/Users/jumamuratovahurliman8/go/pkg/mod/github.com/valyala/fasthttp@v1.51.0/workerpool.go:196"}
{"level":"info","time":"2024-12-14 02:16:40","caller":"jwtware.go:32","message":"current","route":"/api/users/me","method":"GET"}
{"level":"info","time":"2024-12-14 02:16:40","caller":"jwtware.go:70","message":"✅ SET USER AUTH"}
{"level":"info","time":"2024-12-14 02:16:40","caller":"user_handler.go:42","message":"✅ USER SHOW"}
{"level":"error","time":"2024-12-14 02:16:40","caller":"wrapper.go:46","message":"❌ [ERR_SHOW_USER] ERROR: invalid input syntax for type uuid: \"me\" (SQLSTATE 22P02)","error":"ERROR: invalid input syntax for type uuid: \"me\" (SQLSTATE 22P02)","stacktrace":"github.com/Xurliman/auth-service/pkg/json.Error\n\t/Users/jumamuratovahurliman8/Projects/auth-service/pkg/json/wrapper.go:46\ngithub.com/Xurliman/auth-service/internal/server/app/services.(*UserService).Show\n\t/Users/jumamuratovahurliman8/Projects/auth-service/internal/server/app/services/user_service.go:66\ngithub.com/Xurliman/auth-service/internal/server/app/handlers.(*UserHandler).Show\n\t/Users/jumamuratovahurliman8/Projects/auth-service/internal/server/app/handlers/user_handler.go:49\ngithub.com/gofiber/fiber/v2.(*App).next\n\t/Users/jumamuratovahurliman8/go/pkg/mod/github.com/gofiber/fiber/v2@v2.52.5/router.go:145\ngithub.com/gofiber/fiber/v2.(*Ctx).Next\n\t/Users/jumamuratovahurliman8/go/pkg/mod/github.com/gofiber/fiber/v2@v2.52.5/ctx.go:1034\ngithub.com/Xurliman/auth-service/internal/server/routes.Setup.JwtMiddleware.func1\n\t/Users/jumamuratovahurliman8/Projects/auth-service/internal/server/app/middlewares/jwtware.go:74\ngithub.com/gofiber/fiber/v2.(*App).next\n\t/Users/jumamuratovahurliman8/go/pkg/mod/github.com/gofiber/fiber/v2@v2.52.5/router.go:145\ngithub.com/gofiber/fiber/v2.(*App).handler\n\t/Users/jumamuratovahurliman8/go/pkg/mod/github.com/gofiber/fiber/v2@v2.52.5/router.go:172\ngithub.com/valyala/fasthttp.(*Server).serveConn\n\t/Users/jumamuratovahurliman8/go/pkg/mod/github.com/valyala/fasthttp@v1.51.0/server.go:2359\ngithub.com/valyala/fasthttp.(*workerPool).workerFunc\n\t/Users/jumamuratovahurliman8/go/pkg/mod/github.com/valyala/fasthttp@v1.51.0/workerpool.go:224\ngithub.com/valyala/fasthttp.(*workerPool).getCh.func1\n\t/Users/jumamuratovahurliman8/go/pkg/mod/github.com/valyala/fasthttp@v1.51.0/workerpool.go:196"}
{"level":"info","time":"2024-12-14 02:17:16","caller":"database.go:61","message":"Successfully connected to the database"}
{"level":"info","time":"2024-12-14 02:17:17","caller":"jwtware.go:32","message":"current","route":"/api/users/me","method":"GET"}
{"level":"info","time":"2024-12-14 02:17:17","caller":"jwtware.go:70","message":"✅ SET USER AUTH"}
{"level":"info","time":"2024-12-14 02:17:17","caller":"user_handler.go:53","message":"✅ USER GET ME"}
{"level":"info","time":"2024-12-14 02:19:42","caller":"database.go:61","message":"Successfully connected to the database"}
{"level":"info","time":"2024-12-14 02:20:33","caller":"jwtware.go:32","message":"current","route":"/api/auth/login","method":"GET"}
{"level":"error","time":"2024-12-14 02:20:33","caller":"wrapper.go:94","message":"❌ [E_UNAUTHORIZED] session not found","error":"session not found","stacktrace":"github.com/Xurliman/auth-service/pkg/json.ErrorUnauthorized\n\t/Users/jumamuratovahurliman8/Projects/auth-service/pkg/json/wrapper.go:94\ngithub.com/Xurliman/auth-service/internal/server/routes.Setup.JwtMiddleware.func1\n\t/Users/jumamuratovahurliman8/Projects/auth-service/internal/server/app/middlewares/jwtware.go:41\ngithub.com/gofiber/fiber/v2.(*App).next\n\t/Users/jumamuratovahurliman8/go/pkg/mod/github.com/gofiber/fiber/v2@v2.52.5/router.go:145\ngithub.com/gofiber/fiber/v2.(*App).handler\n\t/Users/jumamuratovahurliman8/go/pkg/mod/github.com/gofiber/fiber/v2@v2.52.5/router.go:172\ngithub.com/valyala/fasthttp.(*Server).serveConn\n\t/Users/jumamuratovahurliman8/go/pkg/mod/github.com/valyala/fasthttp@v1.51.0/server.go:2359\ngithub.com/valyala/fasthttp.(*workerPool).workerFunc\n\t/Users/jumamuratovahurliman8/go/pkg/mod/github.com/valyala/fasthttp@v1.51.0/workerpool.go:224\ngithub.com/valyala/fasthttp.(*workerPool).getCh.func1\n\t/Users/jumamuratovahurliman8/go/pkg/mod/github.com/valyala/fasthttp@v1.51.0/workerpool.go:196"}
{"level":"info","time":"2024-12-14 02:20:42","caller":"jwtware.go:32","message":"current","route":"/api/auth/login","method":"GET"}
{"level":"error","time":"2024-12-14 02:20:42","caller":"wrapper.go:94","message":"❌ [E_UNAUTHORIZED] session not found","error":"session not found","stacktrace":"github.com/Xurliman/auth-service/pkg/json.ErrorUnauthorized\n\t/Users/jumamuratovahurliman8/Projects/auth-service/pkg/json/wrapper.go:94\ngithub.com/Xurliman/auth-service/internal/server/routes.Setup.JwtMiddleware.func1\n\t/Users/jumamuratovahurliman8/Projects/auth-service/internal/server/app/middlewares/jwtware.go:41\ngithub.com/gofiber/fiber/v2.(*App).next\n\t/Users/jumamuratovahurliman8/go/pkg/mod/github.com/gofiber/fiber/v2@v2.52.5/router.go:145\ngithub.com/gofiber/fiber/v2.(*App).handler\n\t/Users/jumamuratovahurliman8/go/pkg/mod/github.com/gofiber/fiber/v2@v2.52.5/router.go:172\ngithub.com/valyala/fasthttp.(*Server).serveConn\n\t/Users/jumamuratovahurliman8/go/pkg/mod/github.com/valyala/fasthttp@v1.51.0/server.go:2359\ngithub.com/valyala/fasthttp.(*workerPool).workerFunc\n\t/Users/jumamuratovahurliman8/go/pkg/mod/github.com/valyala/fasthttp@v1.51.0/workerpool.go:224\ngithub.com/valyala/fasthttp.(*workerPool).getCh.func1\n\t/Users/jumamuratovahurliman8/go/pkg/mod/github.com/valyala/fasthttp@v1.51.0/workerpool.go:196"}
{"level":"info","time":"2024-12-14 02:21:16","caller":"database.go:61","message":"Successfully connected to the database"}
{"level":"info","time":"2024-12-14 02:21:18","caller":"jwtware.go:32","message":"current","route":"/api/auth/login","method":"GET"}
{"level":"info","time":"2024-12-14 02:21:42","caller":"jwtware.go:32","message":"current","route":"/api/users/me","method":"GET"}
{"level":"info","time":"2024-12-14 02:21:42","caller":"jwtware.go:70","message":"✅ SET USER AUTH"}
{"level":"info","time":"2024-12-14 02:21:42","caller":"user_handler.go:53","message":"✅ USER GET ME"}
{"level":"info","time":"2024-12-14 02:41:27","caller":"database.go:61","message":"Successfully connected to the database"}
{"level":"info","time":"2024-12-14 02:41:45","caller":"jwtware.go:32","message":"current","route":"/api/auth/login","method":"POST"}
{"level":"info","time":"2024-12-14 02:41:50","caller":"jwtware.go:32","message":"current","route":"/api/users/me","method":"GET"}
{"level":"info","time":"2024-12-14 02:41:50","caller":"jwtware.go:70","message":"✅ SET USER AUTH"}
{"level":"info","time":"2024-12-14 02:41:50","caller":"user_handler.go:42","message":"✅ USER SHOW"}
{"level":"error","time":"2024-12-14 02:41:50","caller":"wrapper.go:46","message":"❌ [ERR_SHOW_USER] ERROR: invalid input syntax for type uuid: \"me\" (SQLSTATE 22P02)","error":"ERROR: invalid input syntax for type uuid: \"me\" (SQLSTATE 22P02)","stacktrace":"github.com/Xurliman/auth-service/pkg/json.Error\n\t/Users/jumamuratovahurliman8/Projects/auth-service/pkg/json/wrapper.go:46\ngithub.com/Xurliman/auth-service/internal/server/app/services.(*UserService).Show\n\t/Users/jumamuratovahurliman8/Projects/auth-service/internal/server/app/services/user_service.go:66\ngithub.com/Xurliman/auth-service/internal/server/app/handlers.(*UserHandler).Show\n\t/Users/jumamuratovahurliman8/Projects/auth-service/internal/server/app/handlers/user_handler.go:49\ngithub.com/gofiber/fiber/v2.(*App).next\n\t/Users/jumamuratovahurliman8/go/pkg/mod/github.com/gofiber/fiber/v2@v2.52.5/router.go:145\ngithub.com/gofiber/fiber/v2.(*Ctx).Next\n\t/Users/jumamuratovahurliman8/go/pkg/mod/github.com/gofiber/fiber/v2@v2.52.5/ctx.go:1034\ngithub.com/Xurliman/auth-service/internal/server/routes.Setup.JwtMiddleware.func1\n\t/Users/jumamuratovahurliman8/Projects/auth-service/internal/server/app/middlewares/jwtware.go:74\ngithub.com/gofiber/fiber/v2.(*App).next\n\t/Users/jumamuratovahurliman8/go/pkg/mod/github.com/gofiber/fiber/v2@v2.52.5/router.go:145\ngithub.com/gofiber/fiber/v2.(*App).handler\n\t/Users/jumamuratovahurliman8/go/pkg/mod/github.com/gofiber/fiber/v2@v2.52.5/router.go:172\ngithub.com/valyala/fasthttp.(*Server).serveConn\n\t/Users/jumamuratovahurliman8/go/pkg/mod/github.com/valyala/fasthttp@v1.51.0/server.go:2359\ngithub.com/valyala/fasthttp.(*workerPool).workerFunc\n\t/Users/jumamuratovahurliman8/go/pkg/mod/github.com/valyala/fasthttp@v1.51.0/workerpool.go:224\ngithub.com/valyala/fasthttp.(*workerPool).getCh.func1\n\t/Users/jumamuratovahurliman8/go/pkg/mod/github.com/valyala/fasthttp@v1.51.0/workerpool.go:196"}
{"level":"info","time":"2024-12-14 02:42:20","caller":"database.go:61","message":"Successfully connected to the database"}
{"level":"fatal","time":"2024-12-14 02:42:20","caller":"main.go:46","message":"error seeding database","error":"ERROR: duplicate key value violates unique constraint \"users_email_key\" (SQLSTATE 23505)","stacktrace":"main.argsListener\n\t/Users/jumamuratovahurliman8/Projects/auth-service/cmd/server/main.go:46\nmain.main\n\t/Users/jumamuratovahurliman8/Projects/auth-service/cmd/server/main.go:32\nruntime.main\n\t/usr/local/go/src/runtime/proc.go:271"}
{"level":"info","time":"2024-12-14 02:43:23","caller":"database.go:61","message":"Successfully connected to the database"}
{"level":"fatal","time":"2024-12-14 02:43:23","caller":"main.go:46","message":"error seeding database","error":"ERROR: duplicate key value violates unique constraint \"users_email_key\" (SQLSTATE 23505)","stacktrace":"main.argsListener\n\t/Users/jumamuratovahurliman8/Projects/auth-service/cmd/server/main.go:46\nmain.main\n\t/Users/jumamuratovahurliman8/Projects/auth-service/cmd/server/main.go:32\nruntime.main\n\t/usr/local/go/src/runtime/proc.go:271"}
{"level":"info","time":"2024-12-14 02:43:40","caller":"database.go:61","message":"Successfully connected to the database"}
{"level":"info","time":"2024-12-14 02:43:43","caller":"jwtware.go:32","message":"current","route":"/api/users/me","method":"GET"}
{"level":"info","time":"2024-12-14 02:43:43","caller":"jwtware.go:70","message":"✅ SET USER AUTH"}
{"level":"info","time":"2024-12-14 02:43:43","caller":"user_handler.go:53","message":"✅ USER GET ME"}
{"level":"info","time":"2024-12-14 02:43:55","caller":"jwtware.go:32","message":"current","route":"/api/auth/login","method":"POST"}
{"level":"info","time":"2024-12-14 02:44:42","caller":"database.go:61","message":"Successfully connected to the database"}
{"level":"info","time":"2024-12-14 02:44:46","caller":"jwtware.go:32","message":"current","route":"/api/auth/login","method":"POST"}
{"level":"error","time":"2024-12-14 02:44:46","caller":"wrapper.go:94","message":"❌ [E_UNAUTHORIZED] username or password is wrong","error":"username or password is wrong","stacktrace":"github.com/Xurliman/auth-service/pkg/json.ErrorUnauthorized\n\t/Users/jumamuratovahurliman8/Projects/auth-service/pkg/json/wrapper.go:94\ngithub.com/Xurliman/auth-service/internal/server/app/services.(*AuthService).Login\n\t/Users/jumamuratovahurliman8/Projects/auth-service/internal/server/app/services/auth_service.go:41\ngithub.com/Xurliman/auth-service/internal/server/app/handlers.(*AuthHandler).Login\n\t/Users/jumamuratovahurliman8/Projects/auth-service/internal/server/app/handlers/auth_handler.go:28\ngithub.com/gofiber/fiber/v2.(*App).next\n\t/Users/jumamuratovahurliman8/go/pkg/mod/github.com/gofiber/fiber/v2@v2.52.5/router.go:145\ngithub.com/gofiber/fiber/v2.(*Ctx).Next\n\t/Users/jumamuratovahurliman8/go/pkg/mod/github.com/gofiber/fiber/v2@v2.52.5/ctx.go:1034\ngithub.com/Xurliman/auth-service/internal/server/routes.Setup.JwtMiddleware.func1\n\t/Users/jumamuratovahurliman8/Projects/auth-service/internal/server/app/middlewares/jwtware.go:35\ngithub.com/gofiber/fiber/v2.(*App).next\n\t/Users/jumamuratovahurliman8/go/pkg/mod/github.com/gofiber/fiber/v2@v2.52.5/router.go:145\ngithub.com/gofiber/fiber/v2.(*App).handler\n\t/Users/jumamuratovahurliman8/go/pkg/mod/github.com/gofiber/fiber/v2@v2.52.5/router.go:172\ngithub.com/valyala/fasthttp.(*Server).serveConn\n\t/Users/jumamuratovahurliman8/go/pkg/mod/github.com/valyala/fasthttp@v1.51.0/server.go:2359\ngithub.com/valyala/fasthttp.(*workerPool).workerFunc\n\t/Users/jumamuratovahurliman8/go/pkg/mod/github.com/valyala/fasthttp@v1.51.0/workerpool.go:224\ngithub.com/valyala/fasthttp.(*workerPool).getCh.func1\n\t/Users/jumamuratovahurliman8/go/pkg/mod/github.com/valyala/fasthttp@v1.51.0/workerpool.go:196"}
{"level":"info","time":"2024-12-14 02:46:33","caller":"database.go:61","message":"Successfully connected to the database"}
{"level":"info","time":"2024-12-14 02:46:39","caller":"jwtware.go:32","message":"current","route":"/api/auth/login","method":"POST"}
{"level":"info","time":"2024-12-14 02:46:43","caller":"jwtware.go:32","message":"current","route":"/api/users/me","method":"GET"}
{"level":"info","time":"2024-12-14 02:46:43","caller":"jwtware.go:70","message":"✅ SET USER AUTH"}
{"level":"info","time":"2024-12-14 02:46:43","caller":"user_handler.go:53","message":"✅ USER GET ME"}
{"level":"info","time":"2024-12-14 02:46:53","caller":"jwtware.go:32","message":"current","route":"/api/users/8a11411f-8314-429f-9c31-7fad4d2a2fc1","method":"GET"}
{"level":"info","time":"2024-12-14 02:46:53","caller":"jwtware.go:70","message":"✅ SET USER AUTH"}
{"level":"info","time":"2024-12-14 02:46:53","caller":"user_handler.go:42","message":"✅ USER SHOW"}
{"level":"info","time":"2024-12-14 02:46:59","caller":"jwtware.go:32","message":"current","route":"/api/users","method":"GET"}
{"level":"info","time":"2024-12-14 02:46:59","caller":"jwtware.go:70","message":"✅ SET USER AUTH"}
{"level":"info","time":"2024-12-14 02:46:59","caller":"user_handler.go:35","message":"✅ USER LIST"}
{"level":"info","time":"2024-12-14 02:47:03","caller":"jwtware.go:32","message":"current","route":"/api/users","method":"GET"}
{"level":"info","time":"2024-12-14 02:47:03","caller":"jwtware.go:70","message":"✅ SET USER AUTH"}
{"level":"info","time":"2024-12-14 02:47:03","caller":"user_handler.go:35","message":"✅ USER LIST"}
{"level":"info","time":"2024-12-14 02:47:27","caller":"jwtware.go:32","message":"current","route":"/api/users/8a11411f-8314-429f-9c31-7fad4d2a2fc1","method":"GET"}
{"level":"info","time":"2024-12-14 02:47:27","caller":"jwtware.go:70","message":"✅ SET USER AUTH"}
{"level":"info","time":"2024-12-14 02:47:27","caller":"user_handler.go:42","message":"✅ USER SHOW"}
{"level":"info","time":"2024-12-14 02:47:37","caller":"jwtware.go:32","message":"current","route":"/api/auth/logout","method":"POST"}
{"level":"info","time":"2024-12-14 02:47:37","caller":"jwtware.go:70","message":"✅ SET USER AUTH"}
{"level":"info","time":"2024-12-14 02:47:37","caller":"auth_handler.go:32","message":"✅ AUTH LOGOUT"}
{"level":"info","time":"2024-12-14 02:47:40","caller":"jwtware.go:32","message":"current","route":"/api/auth/login","method":"POST"}
{"level":"info","time":"2024-12-14 02:47:50","caller":"jwtware.go:32","message":"current","route":"/api/users/me","method":"GET"}
{"level":"info","time":"2024-12-14 02:47:50","caller":"jwtware.go:70","message":"✅ SET USER AUTH"}
{"level":"info","time":"2024-12-14 02:47:50","caller":"user_handler.go:53","message":"✅ USER GET ME"}
{"level":"info","time":"2024-12-14 02:47:52","caller":"jwtware.go:32","message":"current","route":"/api/auth/logout","method":"POST"}
{"level":"info","time":"2024-12-14 02:47:52","caller":"jwtware.go:70","message":"✅ SET USER AUTH"}
{"level":"info","time":"2024-12-14 02:47:52","caller":"auth_handler.go:32","message":"✅ AUTH LOGOUT"}
{"level":"info","time":"2024-12-14 02:47:54","caller":"jwtware.go:32","message":"current","route":"/api/users/me","method":"GET"}
{"level":"error","time":"2024-12-14 02:47:54","caller":"wrapper.go:94","message":"❌ [E_UNAUTHORIZED] session not found","error":"session not found","stacktrace":"github.com/Xurliman/auth-service/pkg/json.ErrorUnauthorized\n\t/Users/jumamuratovahurliman8/Projects/auth-service/pkg/json/wrapper.go:94\ngithub.com/Xurliman/auth-service/internal/server/routes.Setup.JwtMiddleware.func1\n\t/Users/jumamuratovahurliman8/Projects/auth-service/internal/server/app/middlewares/jwtware.go:41\ngithub.com/gofiber/fiber/v2.(*App).next\n\t/Users/jumamuratovahurliman8/go/pkg/mod/github.com/gofiber/fiber/v2@v2.52.5/router.go:145\ngithub.com/gofiber/fiber/v2.(*App).handler\n\t/Users/jumamuratovahurliman8/go/pkg/mod/github.com/gofiber/fiber/v2@v2.52.5/router.go:172\ngithub.com/valyala/fasthttp.(*Server).serveConn\n\t/Users/jumamuratovahurliman8/go/pkg/mod/github.com/valyala/fasthttp@v1.51.0/server.go:2359\ngithub.com/valyala/fasthttp.(*workerPool).workerFunc\n\t/Users/jumamuratovahurliman8/go/pkg/mod/github.com/valyala/fasthttp@v1.51.0/workerpool.go:224\ngithub.com/valyala/fasthttp.(*workerPool).getCh.func1\n\t/Users/jumamuratovahurliman8/go/pkg/mod/github.com/valyala/fasthttp@v1.51.0/workerpool.go:196"}
{"level":"info","time":"2024-12-14 02:47:57","caller":"jwtware.go:32","message":"current","route":"/api/auth/login","method":"POST"}
{"level":"info","time":"2024-12-14 02:52:18","caller":"database.go:61","message":"Successfully connected to the database"}
{"level":"fatal","time":"2024-12-14 02:52:19","caller":"main.go:46","message":"error seeding database","error":"ERROR: duplicate key value violates unique constraint \"users_email_key\" (SQLSTATE 23505)","stacktrace":"main.argsListener\n\t/Users/jumamuratovahurliman8/Projects/auth-service/cmd/server/main.go:46\nmain.main\n\t/Users/jumamuratovahurliman8/Projects/auth-service/cmd/server/main.go:32\nruntime.main\n\t/usr/local/go/src/runtime/proc.go:271"}
{"level":"info","time":"2024-12-14 02:52:25","caller":"database.go:61","message":"Successfully connected to the database"}
{"level":"info","time":"2024-12-14 02:52:28","caller":"jwtware.go:32","message":"current","route":"/api/auth/login","method":"POST"}
{"level":"info","time":"2024-12-14 02:56:54","caller":"database.go:61","message":"Successfully connected to the database"}
{"level":"info","time":"2024-12-14 02:56:58","caller":"jwtware.go:32","message":"current","route":"/api/auth/login","method":"POST"}
{"level":"info","time":"2024-12-14 02:56:58","caller":"auth_service.go:37","message":"Validation took %v","since":"121.375µs"}
{"level":"info","time":"2024-12-14 02:56:58","caller":"auth_service.go:43","message":"FindEmail %v","since":"28.645625ms"}
{"level":"info","time":"2024-12-14 02:56:59","caller":"auth_service.go:48","message":"Check password hash %v","since":"1.030770667s"}
{"level":"info","time":"2024-12-14 02:56:59","caller":"auth_service.go:61","message":"token generation %v","since":"1.031862s"}
{"level":"info","time":"2024-12-14 02:56:59","caller":"auth_service.go:72","message":"session adding %v","since":"1.056605542s"}
{"level":"info","time":"2024-12-14 02:56:59","caller":"auth_service.go:84","message":"cookie adding %v","since":"1.056623834s"}
{"level":"info","time":"2024-12-14 03:01:34","caller":"database.go:61","message":"Successfully connected to the database"}
{"level":"info","time":"2024-12-14 03:01:41","caller":"jwtware.go:32","message":"current","route":"/api/auth/login","method":"POST"}
{"level":"info","time":"2024-12-14 03:01:41","caller":"auth_service.go:37","message":"Validation took %v","since":"260.791µs"}
{"level":"info","time":"2024-12-14 03:01:41","caller":"auth_service.go:43","message":"FindEmail %v","since":"28.355291ms"}
{"level":"info","time":"2024-12-14 03:01:42","caller":"auth_service.go:48","message":"Check password hash %v","since":"1.036629666s"}
{"level":"info","time":"2024-12-14 03:01:42","caller":"auth_service.go:61","message":"token generation %v","since":"1.036776s"}
{"level":"info","time":"2024-12-14 03:01:42","caller":"auth_service.go:72","message":"session adding %v","since":"1.065843166s"}
{"level":"info","time":"2024-12-14 03:01:42","caller":"auth_service.go:84","message":"cookie adding %v","since":"1.065860083s"}
{"level":"info","time":"2024-12-14 03:04:49","caller":"database.go:61","message":"Successfully connected to the database"}
{"level":"info","time":"2024-12-14 03:04:52","caller":"jwtware.go:32","message":"current","route":"/api/auth/login","method":"POST"}
{"level":"info","time":"2024-12-14 03:04:52","caller":"auth_service.go:42","message":"FindEmail %v","since":"28.518708ms"}
{"level":"info","time":"2024-12-14 03:04:53","caller":"auth_service.go:47","message":"Check password hash %v","since":"1.113640208s"}
{"level":"info","time":"2024-12-14 03:04:53","caller":"auth_service.go:60","message":"token generation %v","since":"1.113783916s"}
{"level":"info","time":"2024-12-14 03:04:53","caller":"auth_service.go:71","message":"session adding %v","since":"1.141546208s"}
{"level":"info","time":"2024-12-14 03:04:53","caller":"auth_service.go:83","message":"cookie adding %v","since":"1.141572916s"}
{"level":"info","time":"2024-12-14 03:07:00","caller":"database.go:61","message":"Successfully connected to the database"}
{"level":"info","time":"2024-12-14 03:07:01","caller":"jwtware.go:32","message":"current","route":"/api/auth/login","method":"POST"}
{"level":"info","time":"2024-12-14 03:07:01","caller":"auth_service.go:42","message":"FindEmail %v","since":"28.098709ms"}
{"level":"info","time":"2024-12-14 03:07:02","caller":"auth_service.go:47","message":"Check password hash %v","since":"1.07865125s"}
{"level":"info","time":"2024-12-14 03:07:02","caller":"auth_service.go:60","message":"token generation %v","since":"1.078753709s"}
{"level":"info","time":"2024-12-14 03:07:02","caller":"auth_service.go:71","message":"session adding %v","since":"1.100580667s"}
{"level":"info","time":"2024-12-14 03:07:02","caller":"auth_service.go:83","message":"cookie adding %v","since":"1.1006305s"}
